<?xml version="1.0" encoding="UTF-8"?>
<!-- Generated by org.testng.reporters.JUnitReportReporter -->
<testsuite skipped="0" hostname="DESKTOP-BN7E2AU" name="phipgn.sloppy_test.tests.SearchTest" tests="5" failures="0" timestamp="2021-04-21T10:05:45 ICT" time="59.383" errors="0">
  <testcase name="U002" time="8.584" classname="phipgn.sloppy_test.tests.SearchTest"/>
  <system-out>
Inputting 'pod' into By.xpath: //input[@placeholder='Search city'] Clicking on By.cssSelector: .search button[type='submit']  </system-out>
  <testcase name="U001" time="14.967" classname="phipgn.sloppy_test.tests.SearchTest"/>
  <system-out>
Inputting 'London' into By.xpath: //input[@placeholder='Search city'] Clicking on By.cssSelector: .search button[type='submit'] Clicking on [[ChromeDriver: chrome on WINDOWS (074bf746270d6ab9db94a9b088233833)] -> css selector: .search .search-dropdown-menu li]  </system-out>
  <testcase name="U001" time="13.635" classname="phipgn.sloppy_test.tests.SearchTest"/>
  <system-out>
Inputting 'London, GB' into By.xpath: //input[@placeholder='Search city'] Clicking on By.cssSelector: .search button[type='submit'] Clicking on [[ChromeDriver: chrome on WINDOWS (e4eb32a6ffd45306bb113c101e19513e)] -> css selector: .search .search-dropdown-menu li]  </system-out>
  <testcase name="U002" time="7.911" classname="phipgn.sloppy_test.tests.SearchTest"/>
  <system-out>
Inputting 'in flames' into By.xpath: //input[@placeholder='Search city'] Clicking on By.cssSelector: .search button[type='submit']  </system-out>
  <testcase name="U001" time="14.286" classname="phipgn.sloppy_test.tests.SearchTest"/>
  <system-out>
Inputting 'Haiphong' into By.xpath: //input[@placeholder='Search city'] Clicking on By.cssSelector: .search button[type='submit'] Clicking on [[ChromeDriver: chrome on WINDOWS (0e2d02513525c6cf80a68b36009c3145)] -> css selector: .search .search-dropdown-menu li]  </system-out>
</testsuite> <!-- phipgn.sloppy_test.tests.SearchTest -->
