<?xml version="1.0" encoding="UTF-8"?>
<!-- Generated by org.testng.reporters.JUnitReportReporter -->
<testsuite skipped="0" hostname="DESKTOP-BN7E2AU" name="phipgn.sloppy_test.tests.SearchTest" tests="5" failures="0" timestamp="2021-04-18T17:24:44 ICT" time="54.196" errors="0">
  <testcase name="test_U001_SearchValidCities" time="10.767" classname="phipgn.sloppy_test.tests.SearchTest"/>
  <system-out>
Inputting 'London' into By.xpath: //input[@placeholder='Search city'] Clicking on By.cssSelector: .search button[type='submit'] Clicking on [[ChromeDriver: chrome on WINDOWS (2bc46b52250b4321d01620bf8798d6b4)] -> css selector: .search .search-dropdown-menu li]  </system-out>
  <testcase name="test_U001_SearchValidCities" time="11.192" classname="phipgn.sloppy_test.tests.SearchTest"/>
  <system-out>
Inputting 'Haiphong' into By.xpath: //input[@placeholder='Search city'] Clicking on By.cssSelector: .search button[type='submit'] Clicking on [[ChromeDriver: chrome on WINDOWS (516ffea7bc05f74bf623f1a078191ae5)] -> css selector: .search .search-dropdown-menu li]  </system-out>
  <testcase name="test_U002_SearchInvalidCities" time="10.529" classname="phipgn.sloppy_test.tests.SearchTest"/>
  <system-out>
Inputting '~@+^-' into By.xpath: //input[@placeholder='Search city'] Clicking on By.cssSelector: .search button[type='submit']  </system-out>
  <testcase name="test_U001_SearchValidCities" time="12.014" classname="phipgn.sloppy_test.tests.SearchTest"/>
  <system-out>
Inputting 'Hanoi' into By.xpath: //input[@placeholder='Search city'] Clicking on By.cssSelector: .search button[type='submit'] Clicking on [[ChromeDriver: chrome on WINDOWS (4df90f75b35e7395436eb220e8db3621)] -> css selector: .search .search-dropdown-menu li]  </system-out>
  <testcase name="test_U002_SearchInvalidCities" time="9.694" classname="phipgn.sloppy_test.tests.SearchTest"/>
  <system-out>
Inputting 'nobita' into By.xpath: //input[@placeholder='Search city'] Clicking on By.cssSelector: .search button[type='submit']  </system-out>
</testsuite> <!-- phipgn.sloppy_test.tests.SearchTest -->
