<?xml version="1.0" encoding="UTF-8"?>
<!-- Generated by org.testng.reporters.JUnitReportReporter -->
<testsuite hostname="DESKTOP-BN7E2AU" name="phipgn.sloppy_test.tests.SearchTest" tests="2" failures="0" timestamp="19 Apr 2021 16:06:56 GMT" time="4.525" errors="0">
  <testcase name="test_U002_SearchInvalidCities" time="1.739" classname="phipgn.sloppy_test.tests.SearchTest"/>
  <testcase name="test_U001_SearchValidCities" time="2.786" classname="phipgn.sloppy_test.tests.SearchTest"/>
</testsuite>
