<?xml version="1.0" encoding="UTF-8"?>
<!-- Generated by org.testng.reporters.JUnitReportReporter -->
<testsuite hostname="DESKTOP-BN7E2AU" name="phipgn.sloppy_test.tests.SearchTest" tests="6" failures="0" timestamp="19 Apr 2021 21:49:22 GMT" time="16.702" errors="0">
  <testcase name="test_U001_SearchValidCities" time="3.454" classname="phipgn.sloppy_test.tests.SearchTest"/>
  <testcase name="test_U001_SearchValidCities" time="3.746" classname="phipgn.sloppy_test.tests.SearchTest"/>
  <testcase name="test_U002_SearchInvalidCities" time="1.234" classname="phipgn.sloppy_test.tests.SearchTest"/>
  <testcase name="test_U001_SearchValidCities" time="3.030" classname="phipgn.sloppy_test.tests.SearchTest"/>
  <testcase name="test_U001_SearchValidCities" time="3.585" classname="phipgn.sloppy_test.tests.SearchTest"/>
  <testcase name="test_U002_SearchInvalidCities" time="1.653" classname="phipgn.sloppy_test.tests.SearchTest"/>
</testsuite>
