<?xml version="1.0" encoding="UTF-8"?>
<!-- Generated by org.testng.reporters.JUnitReportReporter -->
<testsuite skipped="0" hostname="DESKTOP-BN7E2AU" name="phipgn.sloppy_test.tests.SearchTest" tests="1" failures="0" timestamp="2021-04-18T07:01:21 ICT" time="3.111" errors="0">
  <testcase name="test_U001_SearchValidCities" time="3.111" classname="phipgn.sloppy_test.tests.SearchTest"/>
  <system-out>
Inputting London into [[ChromeDriver: chrome on WINDOWS (aa56a6f19eee2d8ca962920b01bc7ce5)] -> xpath: //input[@placeholder='Search city']] Clicking on [[ChromeDriver: chrome on WINDOWS (aa56a6f19eee2d8ca962920b01bc7ce5)] -> css selector: .search button[type='submit']] Clicking on [[ChromeDriver: chrome on WINDOWS (aa56a6f19eee2d8ca962920b01bc7ce5)] -> css selector: .search .search-dropdown-menu li]  </system-out>
</testsuite> <!-- phipgn.sloppy_test.tests.SearchTest -->
