<?xml version="1.0" encoding="UTF-8"?>
<!-- Generated by org.testng.reporters.JUnitReportReporter -->
<testsuite skipped="0" hostname="DESKTOP-BN7E2AU" name="phipgn.sloppy_test.tests.SearchTest" tests="1" failures="0" timestamp="2021-04-19T20:11:06 ICT" time="14.611" errors="0">
  <testcase name="test_U001_SearchValidCities" time="14.611" classname="phipgn.sloppy_test.tests.SearchTest"/>
  <system-out>
Inputting 'London, GB' into By.xpath: //input[@placeholder='Search city'] Clicking on By.cssSelector: .search button[type='submit'] Clicking on [[ChromeDriver: chrome on WINDOWS (72e2c6579d8d726de280e1b9ccf5bdd5)] -> css selector: .search .search-dropdown-menu li]  </system-out>
</testsuite> <!-- phipgn.sloppy_test.tests.SearchTest -->
