<?xml version="1.0" encoding="UTF-8"?>
<!-- Generated by org.testng.reporters.JUnitReportReporter -->
<testsuite skipped="0" hostname="DESKTOP-BN7E2AU" name="phipgn.sloppy_test.bdd.runners.TestRunner" tests="4" failures="0" timestamp="2021-04-21T06:47:16 ICT" time="55.156" errors="0">
  <testcase name="runScenario" time="14.813" classname="phipgn.sloppy_test.bdd.runners.TestRunner"/>
  <system-out>
Inputting 'London' into By.xpath: //input[@placeholder='Search city'] Clicking on By.cssSelector: .search button[type='submit'] Clicking on [[ChromeDriver: chrome on WINDOWS (9df875fb94ce5f9e78e9f60c282dba37)] -> css selector: .search .search-dropdown-menu li]  </system-out>
  <testcase name="runScenario" time="10.672" classname="phipgn.sloppy_test.bdd.runners.TestRunner"/>
  <system-out>
Inputting 'London, GB' into By.xpath: //input[@placeholder='Search city'] Clicking on By.cssSelector: .search button[type='submit'] Clicking on [[ChromeDriver: chrome on WINDOWS (9797026cd37348a19501a9175a9420b7)] -> css selector: .search .search-dropdown-menu li]  </system-out>
  <testcase name="runScenario" time="15.066" classname="phipgn.sloppy_test.bdd.runners.TestRunner"/>
  <system-out>
Inputting 'Hanoi' into By.xpath: //input[@placeholder='Search city'] Clicking on By.cssSelector: .search button[type='submit'] Clicking on [[ChromeDriver: chrome on WINDOWS (05b05d2bcacd088a383dd5ef85a10fc6)] -> css selector: .search .search-dropdown-menu li]  </system-out>
  <testcase name="runScenario" time="14.605" classname="phipgn.sloppy_test.bdd.runners.TestRunner"/>
  <system-out>
Inputting 'Haiphong' into By.xpath: //input[@placeholder='Search city'] Clicking on By.cssSelector: .search button[type='submit'] Clicking on [[ChromeDriver: chrome on WINDOWS (db3f8fdb355fe7523e12b9a954f3a661)] -> css selector: .search .search-dropdown-menu li]  </system-out>
</testsuite> <!-- phipgn.sloppy_test.bdd.runners.TestRunner -->
